# JRE version: OpenJDK Runtime Environment (17.0.7+7) (build 17.0.7+7-Ubuntu-0ubuntu122.04.2)
# Java VM: OpenJDK 64-Bit Server VM (17.0.7+7-Ubuntu-0ubuntu122.04.2, mixed mode, sharing, tiered, compressed oops, compressed class ptrs, g1 gc, linux-amd64)
GC Precious Log:
 CPUs: 4 total, 4 available
 Memory: 17919M
 Large Page Support: Disabled
 NUMA Support: Disabled
 Compressed Oops: Enabled (Zero based)
 Heap Region Size: 4M
 Heap Min Capacity: 8M
 Heap Initial Capacity: 280M
 Heap Max Capacity: 4480M
 Pre-touch: Disabled
 Parallel Workers: 4
 Concurrent Workers: 1
 Concurrent Refinement Workers: 4
 Periodic GC: Disabled
Heap:
 garbage-first heap   total 110592K, used 40319K [0x00000006e8000000, 0x0000000800000000)
  region size 4096K, 5 young (20480K), 1 survivors (4096K)
 Metaspace       used 59278K, committed 59712K, reserved 1114112K
  class space    used 8573K, committed 8768K, reserved 1048576K
GC Heap History (20 events):
Event: 1.021 GC heap before
{Heap before GC invocations=1 (full 0):
 garbage-first heap   total 294912K, used 17630K [0x00000006e8000000, 0x0000000800000000)
  region size 4096K, 3 young (12288K), 1 survivors (4096K)
 Metaspace       used 4578K, committed 4800K, reserved 1114112K
  class space    used 586K, committed 704K, reserved 1048576K
}
Event: 1.025 GC heap after
{Heap after GC invocations=2 (full 0):
 garbage-first heap   total 294912K, used 9910K [0x00000006e8000000, 0x0000000800000000)
  region size 4096K, 1 young (4096K), 1 survivors (4096K)
 Metaspace       used 4578K, committed 4800K, reserved 1114112K
  class space    used 586K, committed 704K, reserved 1048576K
}
Event: 1.570 GC heap before
{Heap before GC invocations=2 (full 0):
 garbage-first heap   total 294912K, used 26294K [0x00000006e8000000, 0x0000000800000000)
  region size 4096K, 5 young (20480K), 1 survivors (4096K)
 Metaspace       used 8705K, committed 8896K, reserved 1114112K
  class space    used 1082K, committed 1152K, reserved 1048576K
}
Event: 1.582 GC heap after
{Heap after GC invocations=3 (full 0):
 garbage-first heap   total 294912K, used 11459K [0x00000006e8000000, 0x0000000800000000)
  region size 4096K, 1 young (4096K), 1 survivors (4096K)
 Metaspace       used 8705K, committed 8896K, reserved 1114112K
  class space    used 1082K, committed 1152K, reserved 1048576K
}
Event: 2.704 GC heap before
{Heap before GC invocations=3 (full 0):
 garbage-first heap   total 294912K, used 64707K [0x00000006e8000000, 0x0000000800000000)
  region size 4096K, 14 young (57344K), 1 survivors (4096K)
 Metaspace       used 19667K, committed 19840K, reserved 1114112K
  class space    used 2606K, committed 2688K, reserved 1048576K
}
Event: 2.724 GC heap after
{Heap after GC invocations=4 (full 0):
 garbage-first heap   total 294912K, used 15678K [0x00000006e8000000, 0x0000000800000000)
  region size 4096K, 2 young (8192K), 2 survivors (8192K)
 Metaspace       used 19667K, committed 19840K, reserved 1114112K
  class space    used 2606K, committed 2688K, reserved 1048576K
}
Event: 2.864 GC heap before
{Heap before GC invocations=4 (full 0):
 garbage-first heap   total 294912K, used 23870K [0x00000006e8000000, 0x0000000800000000)
  region size 4096K, 5 young (20480K), 2 survivors (8192K)
 Metaspace       used 21349K, committed 21504K, reserved 1114112K
  class space    used 2803K, committed 2880K, reserved 1048576K
}
Event: 2.875 GC heap after
{Heap after GC invocations=5 (full 0):
 garbage-first heap   total 294912K, used 16619K [0x00000006e8000000, 0x0000000800000000)
  region size 4096K, 2 young (8192K), 2 survivors (8192K)
 Metaspace       used 21349K, committed 21504K, reserved 1114112K
  class space    used 2803K, committed 2880K, reserved 1048576K
}
Event: 4.036 GC heap before
{Heap before GC invocations=6 (full 0):
 garbage-first heap   total 98304K, used 65771K [0x00000006e8000000, 0x0000000800000000)
  region size 4096K, 14 young (57344K), 2 survivors (8192K)
 Metaspace       used 28192K, committed 28544K, reserved 1114112K
  class space    used 3809K, committed 4032K, reserved 1048576K
}
Event: 4.060 GC heap after
{Heap after GC invocations=7 (full 0):
 garbage-first heap   total 98304K, used 20045K [0x00000006e8000000, 0x0000000800000000)
  region size 4096K, 2 young (8192K), 2 survivors (8192K)
 Metaspace       used 28192K, committed 28544K, reserved 1114112K
  class space    used 3809K, committed 4032K, reserved 1048576K
}
Event: 4.175 GC heap before
{Heap before GC invocations=7 (full 0):
 garbage-first heap   total 98304K, used 24141K [0x00000006e8000000, 0x0000000800000000)
  region size 4096K, 3 young (12288K), 2 survivors (8192K)
 Metaspace       used 28587K, committed 28992K, reserved 1114112K
  class space    used 3867K, committed 4096K, reserved 1048576K
}
Event: 4.187 GC heap after
{Heap after GC invocations=8 (full 0):
 garbage-first heap   total 118784K, used 20398K [0x00000006e8000000, 0x0000000800000000)
  region size 4096K, 1 young (4096K), 1 survivors (4096K)
 Metaspace       used 28587K, committed 28992K, reserved 1114112K
  class space    used 3867K, committed 4096K, reserved 1048576K
}
Event: 4.741 GC heap before
{Heap before GC invocations=8 (full 0):
 garbage-first heap   total 118784K, used 44974K [0x00000006e8000000, 0x0000000800000000)
  region size 4096K, 8 young (32768K), 1 survivors (4096K)
 Metaspace       used 35995K, committed 36288K, reserved 1114112K
  class space    used 4829K, committed 4992K, reserved 1048576K
}
Event: 4.747 GC heap after
{Heap after GC invocations=9 (full 0):
 garbage-first heap   total 118784K, used 22442K [0x00000006e8000000, 0x0000000800000000)
  region size 4096K, 1 young (4096K), 1 survivors (4096K)
 Metaspace       used 35995K, committed 36288K, reserved 1114112K
  class space    used 4829K, committed 4992K, reserved 1048576K
}
Event: 5.807 GC heap before
{Heap before GC invocations=10 (full 0):
 garbage-first heap   total 110592K, used 79786K [0x00000006e8000000, 0x0000000800000000)
  region size 4096K, 15 young (61440K), 1 survivors (4096K)
 Metaspace       used 49778K, committed 50240K, reserved 1114112K
  class space    used 7024K, committed 7232K, reserved 1048576K
}
Event: 5.815 GC heap after
{Heap after GC invocations=11 (full 0):
 garbage-first heap   total 110592K, used 24814K [0x00000006e8000000, 0x0000000800000000)
  region size 4096K, 2 young (8192K), 2 survivors (8192K)
 Metaspace       used 49778K, committed 50240K, reserved 1114112K
  class space    used 7024K, committed 7232K, reserved 1048576K
}
Event: 5.876 GC heap before
{Heap before GC invocations=11 (full 0):
 garbage-first heap   total 110592K, used 24814K [0x00000006e8000000, 0x0000000800000000)
  region size 4096K, 3 young (12288K), 2 survivors (8192K)
 Metaspace       used 50834K, committed 51264K, reserved 1114112K
  class space    used 7177K, committed 7360K, reserved 1048576K
}
Event: 5.887 GC heap after
{Heap after GC invocations=12 (full 0):
 garbage-first heap   total 110592K, used 24943K [0x00000006e8000000, 0x0000000800000000)
  region size 4096K, 1 young (4096K), 1 survivors (4096K)
 Metaspace       used 50834K, committed 51264K, reserved 1114112K
  class space    used 7177K, committed 7360K, reserved 1048576K
}
Event: 6.589 GC heap before
{Heap before GC invocations=12 (full 0):
 garbage-first heap   total 110592K, used 69999K [0x00000006e8000000, 0x0000000800000000)
  region size 4096K, 13 young (53248K), 1 survivors (4096K)
 Metaspace       used 58161K, committed 58560K, reserved 1114112K
  class space    used 8348K, committed 8512K, reserved 1048576K
}
Event: 6.596 GC heap after
{Heap after GC invocations=13 (full 0):
 garbage-first heap   total 110592K, used 28031K [0x00000006e8000000, 0x0000000800000000)
  region size 4096K, 1 young (4096K), 1 survivors (4096K)
 Metaspace       used 58161K, committed 58560K, reserved 1114112K
  class space    used 8348K, committed 8512K, reserved 1048576K
}

